[debug] [2021-04-06T09:21:52.422Z] ----------------------------------------------------------------------
[debug] [2021-04-06T09:21:52.424Z] Command:       /Users/bikashwaiba/.nvm/versions/node/v10.15.3/bin/node /Users/bikashwaiba/.nvm/versions/node/v10.15.3/bin/firebase emulators:start
[debug] [2021-04-06T09:21:52.425Z] CLI Version:   9.8.0
[debug] [2021-04-06T09:21:52.425Z] Platform:      darwin
[debug] [2021-04-06T09:21:52.425Z] Node Version:  v10.15.3
[debug] [2021-04-06T09:21:52.426Z] Time:          Tue Apr 06 2021 15:06:52 GMT+0545 (Nepal Time)
[debug] [2021-04-06T09:21:52.426Z] ----------------------------------------------------------------------
[debug] 
[debug] [2021-04-06T09:21:52.438Z] > command requires scopes: ["email","openid","https://www.googleapis.com/auth/cloudplatformprojects.readonly","https://www.googleapis.com/auth/firebase","https://www.googleapis.com/auth/cloud-platform"]
[debug] [2021-04-06T09:21:52.439Z] > authorizing via signed-in user
[info] i  emulators: Starting emulators: auth, database {"metadata":{"emulator":{"name":"hub"},"message":"Starting emulators: auth, database"}}
[debug] [2021-04-06T09:21:52.453Z] [hub] writing locator at /var/folders/f2/yb8nzs393_q8pspbps9yvz6w0000gn/T/hub-react-burger-builder-aea0f.json
[debug] [2021-04-06T09:21:52.462Z] >>> [apiv2][query] GET https://firebase.googleapis.com/v1beta1/projects/react-burger-builder-aea0f [none]
[debug] [2021-04-06T09:21:52.933Z] <<< [apiv2][status] GET https://firebase.googleapis.com/v1beta1/projects/react-burger-builder-aea0f 200
[debug] [2021-04-06T09:21:52.933Z] <<< [apiv2][body] GET https://firebase.googleapis.com/v1beta1/projects/react-burger-builder-aea0f {"projectId":"react-burger-builder-aea0f","projectNumber":"400240164934","displayName":"react-burger-builder","name":"projects/react-burger-builder-aea0f","resources":{"hostingSite":"react-burger-builder-aea0f","realtimeDatabaseInstance":"react-burger-builder-aea0f-default-rtdb"},"state":"ACTIVE"}
[debug] [2021-04-06T09:21:52.934Z] database rules config:  []
[warn] ⚠  database: Did not find a Realtime Database rules file specified in a firebase.json config file. The emulator will default to allowing all reads and writes. Learn more about this option: https://firebase.google.com/docs/emulator-suite/install_and_configure#security_rules_configuration. {"metadata":{"emulator":{"name":"database"},"message":"Did not find a Realtime Database rules file specified in a firebase.json config file. The emulator will default to allowing all reads and writes. Learn more about this option: https://firebase.google.com/docs/emulator-suite/install_and_configure#security_rules_configuration."}}
[debug] [2021-04-06T09:21:52.935Z] Ignoring unsupported arg: projectId {"metadata":{"emulator":{"name":"database"},"message":"Ignoring unsupported arg: projectId"}}
[debug] [2021-04-06T09:21:52.936Z] Ignoring unsupported arg: auto_download {"metadata":{"emulator":{"name":"database"},"message":"Ignoring unsupported arg: auto_download"}}
[debug] [2021-04-06T09:21:52.936Z] Ignoring unsupported arg: rules {"metadata":{"emulator":{"name":"database"},"message":"Ignoring unsupported arg: rules"}}
[debug] [2021-04-06T09:21:52.936Z] Starting Database Emulator with command {"binary":"java","args":["-Duser.language=en","-jar","/Users/bikashwaiba/.cache/firebase/emulators/firebase-database-emulator-v4.7.2.jar","--host","localhost","--port",9000],"optionalArgs":["port","host","functions_emulator_port","functions_emulator_host"],"joinArgs":false} {"metadata":{"emulator":{"name":"database"},"message":"Starting Database Emulator with command {\"binary\":\"java\",\"args\":[\"-Duser.language=en\",\"-jar\",\"/Users/bikashwaiba/.cache/firebase/emulators/firebase-database-emulator-v4.7.2.jar\",\"--host\",\"localhost\",\"--port\",9000],\"optionalArgs\":[\"port\",\"host\",\"functions_emulator_port\",\"functions_emulator_host\"],\"joinArgs\":false}"}}
[info] i  database: Database Emulator logging to database-debug.log {"metadata":{"emulator":{"name":"database"},"message":"Database Emulator logging to \u001b[1mdatabase-debug.log\u001b[22m"}}
[debug] [2021-04-06T09:21:54.356Z] WARNING: An illegal reflective access operation has occurred
WARNING: Illegal reflective access by io.netty.util.internal.ReflectionUtil (file:/Users/bikashwaiba/.cache/firebase/emulators/firebase-database-emulator-v4.7.2.jar) to field sun.nio.ch.SelectorImpl.selectedKeys
WARNING: Please consider reporting this to the maintainers of io.netty.util.internal.ReflectionUtil
WARNING: Use --illegal-access=warn to enable warnings of further illegal reflective access operations
WARNING: All illegal access operations will be denied in a future release
 {"metadata":{"emulator":{"name":"database"},"message":"WARNING: An illegal reflective access operation has occurred\nWARNING: Illegal reflective access by io.netty.util.internal.ReflectionUtil (file:/Users/bikashwaiba/.cache/firebase/emulators/firebase-database-emulator-v4.7.2.jar) to field sun.nio.ch.SelectorImpl.selectedKeys\nWARNING: Please consider reporting this to the maintainers of io.netty.util.internal.ReflectionUtil\nWARNING: Use --illegal-access=warn to enable warnings of further illegal reflective access operations\nWARNING: All illegal access operations will be denied in a future release\n"}}
[debug] [2021-04-06T09:21:55.133Z] 15:06:55.131 [NamespaceSystem-akka.actor.default-dispatcher-4] INFO akka.event.slf4j.Slf4jLogger - Slf4jLogger started
 {"metadata":{"emulator":{"name":"database"},"message":"15:06:55.131 [NamespaceSystem-akka.actor.default-dispatcher-4] INFO akka.event.slf4j.Slf4jLogger - Slf4jLogger started\n"}}
[debug] [2021-04-06T09:21:55.294Z] 15:06:55.293 [main] INFO com.firebase.server.forge.App$ - Listening at localhost:9000
 {"metadata":{"emulator":{"name":"database"},"message":"15:06:55.293 [main] INFO com.firebase.server.forge.App$ - Listening at localhost:9000\n"}}
[info] i  ui: downloading ui-v1.4.2.zip... {"metadata":{"emulator":{"name":"ui"},"message":"downloading ui-v1.4.2.zip..."}}
[debug] [2021-04-06T09:21:57.674Z] >>> [apiv2][query] GET https://storage.googleapis.com/firebase-preview-drop/emulator/ui-v1.4.2.zip 
[debug] [2021-04-06T09:21:57.940Z] <<< [apiv2][status] GET https://storage.googleapis.com/firebase-preview-drop/emulator/ui-v1.4.2.zip 200
[debug] [2021-04-06T09:21:57.940Z] <<< [apiv2][body] GET https://storage.googleapis.com/firebase-preview-drop/emulator/ui-v1.4.2.zip [stream]
[debug] [2021-04-06T09:21:59.403Z] Ignoring unsupported arg: auto_download {"metadata":{"emulator":{"name":"ui"},"message":"Ignoring unsupported arg: auto_download"}}
[debug] [2021-04-06T09:21:59.403Z] Ignoring unsupported arg: port {"metadata":{"emulator":{"name":"ui"},"message":"Ignoring unsupported arg: port"}}
[debug] [2021-04-06T09:21:59.403Z] Starting Emulator UI with command {"binary":"node","args":["/Users/bikashwaiba/.cache/firebase/emulators/ui-v1.4.2/server.bundle.js"],"optionalArgs":[],"joinArgs":false} {"metadata":{"emulator":{"name":"ui"},"message":"Starting Emulator UI with command {\"binary\":\"node\",\"args\":[\"/Users/bikashwaiba/.cache/firebase/emulators/ui-v1.4.2/server.bundle.js\"],\"optionalArgs\":[],\"joinArgs\":false}"}}
[info] i  ui: Emulator UI logging to ui-debug.log {"metadata":{"emulator":{"name":"ui"},"message":"Emulator UI logging to \u001b[1mui-debug.log\u001b[22m"}}
[debug] [2021-04-06T09:21:59.542Z] Web / API server started at http://localhost:4000
 {"metadata":{"emulator":{"name":"ui"},"message":"Web / API server started at http://localhost:4000\n"}}
[info] 
┌─────────────────────────────────────────────────────────────┐
│ ✔  All emulators ready! It is now safe to connect your app. │
│ i  View Emulator UI at http://localhost:4000                │
└─────────────────────────────────────────────────────────────┘

┌────────────────┬────────────────┬────────────────────────────────┐
│ Emulator       │ Host:Port      │ View in Emulator UI            │
├────────────────┼────────────────┼────────────────────────────────┤
│ Authentication │ localhost:9099 │ http://localhost:4000/auth     │
├────────────────┼────────────────┼────────────────────────────────┤
│ Database       │ localhost:9000 │ http://localhost:4000/database │
└────────────────┴────────────────┴────────────────────────────────┘
  Emulator Hub running at localhost:4400
  Other reserved ports: 4500

Issues? Report them at https://github.com/firebase/firebase-tools/issues and attach the *-debug.log files.
 
